Using pre-set license
Built from '2020.2/release' branch; Version is '2020.2.2f1 (068178b99f32) revision 426360'; Using compiler version '192528614'; Build Type 'Release'
OS: 'Windows 10 Pro; OS build 19042.985; Version 2009; 64bit' Language: 'tr' Physical Memory: 16297 MB
BatchMode: 1, IsHumanControllingUs: 0, StartBugReporterOnCrash: 0, Is64bit: 1, IsPro: 0

 COMMAND LINE ARGUMENTS:
C:\Program Files\Unity\Hub\Editor\2020.2.2f1\Editor\Unity.exe
-adb2
-batchMode
-noUpm
-name
AssetImportWorker0
-projectPath
C:/Users/User/OneDrive/Masaüstü/Unity Projeleri/SubwaySurf_Clone
-logFile
Logs/AssetImportWorker0.log
-srvPort
53438
Successfully changed project path to: C:/Users/User/OneDrive/Masaüstü/Unity Projeleri/SubwaySurf_Clone
C:/Users/User/OneDrive/Masaüstü/Unity Projeleri/SubwaySurf_Clone
Using Asset Import Pipeline V2.
Refreshing native plugins compatible for Editor in 22.17 ms, found 0 plugins.
Preloading 0 native plugins for Editor in 0.00 ms.
Initialize engine version: 2020.2.2f1 (068178b99f32)
[Subsystems] Discovering subsystems at path C:/Program Files/Unity/Hub/Editor/2020.2.2f1/Editor/Data/Resources/UnitySubsystems
[Subsystems] Discovering subsystems at path C:/Users/User/OneDrive/Masaüstü/Unity Projeleri/SubwaySurf_Clone/Assets
GfxDevice: creating device client; threaded=0
Direct3D:
    Version:  Direct3D 11.0 [level 11.1]
    Renderer: AMD Radeon RX 5600 XT (ID=0x731f)
    Vendor:   
    VRAM:     6103 MB
    Driver:   27.20.21003.1028
Initialize mono
Mono path[0] = 'C:/Program Files/Unity/Hub/Editor/2020.2.2f1/Editor/Data/Managed'
Mono path[1] = 'C:/Program Files/Unity/Hub/Editor/2020.2.2f1/Editor/Data/MonoBleedingEdge/lib/mono/unityjit'
Mono config path = 'C:/Program Files/Unity/Hub/Editor/2020.2.2f1/Editor/Data/MonoBleedingEdge/etc'
Using monoOptions --debugger-agent=transport=dt_socket,embedding=1,server=y,suspend=n,address=127.0.0.1:56416
Begin MonoManager ReloadAssembly
Registering precompiled unity dll's ...
Register platform support module: C:/Program Files/Unity/Hub/Editor/2020.2.2f1/Editor/Data/PlaybackEngines/WindowsStandaloneSupport/UnityEditor.WindowsStandalone.Extensions.dll
Registered in 0.001672 seconds.
Native extension for WindowsStandalone target not found
Refreshing native plugins compatible for Editor in 24.74 ms, found 0 plugins.
Preloading 0 native plugins for Editor in 0.00 ms.
Invoked RoslynAnalysisRunner static constructor.
RoslynAnalysisRunner will not be running.
RoslynAnalysisRunner has terminated.
Mono: successfully reloaded assembly
- Completed reload, in  2.070 seconds
Platform modules already initialized, skipping
Registering precompiled user dll's ...
Registered in 0.000515 seconds.
Begin MonoManager ReloadAssembly
Native extension for WindowsStandalone target not found
Refreshing native plugins compatible for Editor in 0.30 ms, found 0 plugins.
Preloading 0 native plugins for Editor in 0.00 ms.
Invoked RoslynAnalysisRunner static constructor.
RoslynAnalysisRunner will not be running.
RoslynAnalysisRunner has terminated.
Mono: successfully reloaded assembly
- Completed reload, in  0.684 seconds
Platform modules already initialized, skipping
========================================================================
Worker process is ready to serve import requests
Launched and connected shader compiler UnityShaderCompiler.exe after 0.05 seconds
Refreshing native plugins compatible for Editor in 0.23 ms, found 0 plugins.
Preloading 0 native plugins for Editor in 0.00 ms.
Unloading 1260 Unused Serialized files (Serialized files now loaded: 0)
System memory in use before: 63.3 MB.
System memory in use after: 63.3 MB.

Unloading 11 unused Assets to reduce memory usage. Loaded Objects now: 1705.
Total: 1.768500 ms (FindLiveObjects: 0.148900 ms CreateObjectMapping: 0.030900 ms MarkObjects: 1.517200 ms  DeleteObjects: 0.070300 ms)

========================================================================
Received Import Request.
  path: Assets/Free Low Poly Desert Pack/Materials/Vertex Color.mat
  artifactKey: Guid(77f34d55cab75c741af8e49d369939ba) Importer(815301076,1909f56bfc062723c751e8b465ee728b)
Start importing Assets/Free Low Poly Desert Pack/Materials/Vertex Color.mat using Guid(77f34d55cab75c741af8e49d369939ba) Importer(815301076,1909f56bfc062723c751e8b465ee728b)  -> (artifact id: '5fe77231f6aadf8784648354ff91366e') in 0.105450 seconds
  Import took 0.107614 seconds .

========================================================================
Received Import Request.
  Time since last request: 0.000345 seconds.
  path: Assets/Free Low Poly Desert Pack/Materials/Base Color.mat
  artifactKey: Guid(eeaf4e9c4a165034a93993b104151cdd) Importer(815301076,1909f56bfc062723c751e8b465ee728b)
Start importing Assets/Free Low Poly Desert Pack/Materials/Base Color.mat using Guid(eeaf4e9c4a165034a93993b104151cdd) Importer(815301076,1909f56bfc062723c751e8b465ee728b)  -> (artifact id: '03c9abb4760c7e323dc47bf82574e184') in 0.016088 seconds
  Import took 0.018679 seconds .

========================================================================
Received Import Request.
  Time since last request: 0.000308 seconds.
  path: Assets/Free Low Poly Desert Pack/Unity Prefabs/Plants
  artifactKey: Guid(2999b885809708649aecb580485d4eb3) Importer(815301076,1909f56bfc062723c751e8b465ee728b)
Start importing Assets/Free Low Poly Desert Pack/Unity Prefabs/Plants using Guid(2999b885809708649aecb580485d4eb3) Importer(815301076,1909f56bfc062723c751e8b465ee728b)  -> (artifact id: '0088538b5f2169f2d855f5494e617d69') in 0.001556 seconds
  Import took 0.003771 seconds .

========================================================================
Received Import Request.
  Time since last request: 0.000297 seconds.
  path: Assets/Free Low Poly Desert Pack/Materials/Base Desert Sand.mat
  artifactKey: Guid(71802d3a8b91efc4b8833222b5c3c152) Importer(815301076,1909f56bfc062723c751e8b465ee728b)
Start importing Assets/Free Low Poly Desert Pack/Materials/Base Desert Sand.mat using Guid(71802d3a8b91efc4b8833222b5c3c152) Importer(815301076,1909f56bfc062723c751e8b465ee728b)  -> (artifact id: '16db253ac3fbb15c093164c51b695068') in 0.013610 seconds
  Import took 0.015722 seconds .

========================================================================
Received Import Request.
  Time since last request: 0.000307 seconds.
  path: Assets/Free Low Poly Desert Pack/Materials/Texture
  artifactKey: Guid(e63f5747a3596754383e11d5569f480e) Importer(815301076,1909f56bfc062723c751e8b465ee728b)
Start importing Assets/Free Low Poly Desert Pack/Materials/Texture using Guid(e63f5747a3596754383e11d5569f480e) Importer(815301076,1909f56bfc062723c751e8b465ee728b)  -> (artifact id: '08a0a5347b0c03b854710440a11ad9fc') in 0.001687 seconds
  Import took 0.003720 seconds .

========================================================================
Received Import Request.
  Time since last request: 0.000341 seconds.
  path: Assets/Free Low Poly Desert Pack/Materials
  artifactKey: Guid(f925c2df05f6efd478e94796245b978c) Importer(815301076,1909f56bfc062723c751e8b465ee728b)
Start importing Assets/Free Low Poly Desert Pack/Materials using Guid(f925c2df05f6efd478e94796245b978c) Importer(815301076,1909f56bfc062723c751e8b465ee728b)  -> (artifact id: '38512c5f3dab312cbc90f52df4c1ac0b') in 0.001616 seconds
  Import took 0.003527 seconds .

========================================================================
Received Import Request.
  Time since last request: 0.000223 seconds.
  path: Assets/Free Low Poly Desert Pack/Materials/Vertex Color Unlit.mat
  artifactKey: Guid(e6e6ba439ef1bb048a11147b251d973d) Importer(815301076,1909f56bfc062723c751e8b465ee728b)
Start importing Assets/Free Low Poly Desert Pack/Materials/Vertex Color Unlit.mat using Guid(e6e6ba439ef1bb048a11147b251d973d) Importer(815301076,1909f56bfc062723c751e8b465ee728b)  -> (artifact id: '0ebd61fbf97764a0bbfac327f180865a') in 0.010194 seconds
  Import took 0.012391 seconds .

========================================================================
Received Import Request.
  Time since last request: 223.603457 seconds.
  path: ProjectSettings/TagManager.asset
  artifactKey: Guid(00000000000000003000000000000000) Importer(815301076,1909f56bfc062723c751e8b465ee728b)
Start importing ProjectSettings/TagManager.asset using Guid(00000000000000003000000000000000) Importer(815301076,1909f56bfc062723c751e8b465ee728b)  -> (artifact id: '1efec719c81060231ab49e0da4b313b9') in 0.003744 seconds
  Import took 0.006070 seconds .

========================================================================
Received Import Request.
  Time since last request: 0.001742 seconds.
  path: ProjectSettings/TagManager.asset
  artifactKey: Guid(00000000000000003000000000000000) Importer(815301076,1909f56bfc062723c751e8b465ee728b)
Start importing ProjectSettings/TagManager.asset using Guid(00000000000000003000000000000000) Importer(815301076,1909f56bfc062723c751e8b465ee728b)  -> (artifact id: '1efec719c81060231ab49e0da4b313b9') in 0.001878 seconds
  Import took 0.003339 seconds .

========================================================================
Received Prepare
Registering precompiled user dll's ...
Registered in 0.000652 seconds.
Begin MonoManager ReloadAssembly
Native extension for WindowsStandalone target not found
Refreshing native plugins compatible for Editor in 0.22 ms, found 0 plugins.
Preloading 0 native plugins for Editor in 0.00 ms.
Invoked RoslynAnalysisRunner static constructor.
RoslynAnalysisRunner will not be running.
RoslynAnalysisRunner has terminated.
Mono: successfully reloaded assembly
- Completed reload, in  0.644 seconds
Platform modules already initialized, skipping
Refreshing native plugins compatible for Editor in 0.22 ms, found 0 plugins.
Preloading 0 native plugins for Editor in 0.00 ms.
Unloading 1253 Unused Serialized files (Serialized files now loaded: 0)
System memory in use before: 66.8 MB.
System memory in use after: 66.9 MB.

Unloading 8 unused Assets to reduce memory usage. Loaded Objects now: 1749.
Total: 1.438300 ms (FindLiveObjects: 0.170300 ms CreateObjectMapping: 0.028500 ms MarkObjects: 1.194300 ms  DeleteObjects: 0.044100 ms)

========================================================================
Received Import Request.
  Time since last request: 140.492442 seconds.
  path: Assets/Scripts/Player.cs
  artifactKey: Guid(c04312533ffaca64ca6c004e6a04babf) Importer(815301076,1909f56bfc062723c751e8b465ee728b)
Start importing Assets/Scripts/Player.cs using Guid(c04312533ffaca64ca6c004e6a04babf) Importer(815301076,1909f56bfc062723c751e8b465ee728b)  -> (artifact id: 'e52584c8f95b25b45fb58426706c1f01') in 0.029642 seconds
  Import took 0.031990 seconds .

========================================================================
Received Import Request.
  Time since last request: 585.771618 seconds.
  path: Assets/victory.fbx
  artifactKey: Guid(b29d133355d02b849982b552f3e89a5b) Importer(815301076,1909f56bfc062723c751e8b465ee728b)
Start importing Assets/victory.fbx using Guid(b29d133355d02b849982b552f3e89a5b) Importer(815301076,1909f56bfc062723c751e8b465ee728b)  -> (artifact id: '6ec8802ceac1c288a8fbad1e5f8346a8') in 0.116538 seconds
  Import took 0.119802 seconds .

========================================================================
Received Import Request.
  Time since last request: 6.725210 seconds.
  path: Assets/victory.fbx
  artifactKey: Guid(b29d133355d02b849982b552f3e89a5b) Importer(815301076,1909f56bfc062723c751e8b465ee728b)
Start importing Assets/victory.fbx using Guid(b29d133355d02b849982b552f3e89a5b) Importer(815301076,1909f56bfc062723c751e8b465ee728b)  -> (artifact id: '9d4bb14be65a47b39ed30bf2e6089baa') in 0.032449 seconds
  Import took 0.035181 seconds .

========================================================================
Received Import Request.
  Time since last request: 3.990961 seconds.
  path: Assets/PlayerAnimationControler.controller
  artifactKey: Guid(d8beeedd3b651fa4baaa9ea0886c7877) Importer(815301076,1909f56bfc062723c751e8b465ee728b)
Start importing Assets/PlayerAnimationControler.controller using Guid(d8beeedd3b651fa4baaa9ea0886c7877) Importer(815301076,1909f56bfc062723c751e8b465ee728b)  -> (artifact id: '685a15c171ffe01c7b88e4432872f573') in 0.017282 seconds
  Import took 0.019975 seconds .

========================================================================
Received Import Request.
  Time since last request: 16.832108 seconds.
  path: Assets/victory.fbx
  artifactKey: Guid(b29d133355d02b849982b552f3e89a5b) Importer(815301076,1909f56bfc062723c751e8b465ee728b)
Start importing Assets/victory.fbx using Guid(b29d133355d02b849982b552f3e89a5b) Importer(815301076,1909f56bfc062723c751e8b465ee728b)  -> (artifact id: 'bba85084b77dc549dafed4adb8d8d290') in 0.024082 seconds
  Import took 0.027134 seconds .

========================================================================
Received Prepare
Registering precompiled user dll's ...
Registered in 0.000508 seconds.
Begin MonoManager ReloadAssembly
Native extension for WindowsStandalone target not found
Refreshing native plugins compatible for Editor in 0.22 ms, found 0 plugins.
Preloading 0 native plugins for Editor in 0.00 ms.
Invoked RoslynAnalysisRunner static constructor.
RoslynAnalysisRunner will not be running.
RoslynAnalysisRunner has terminated.
Mono: successfully reloaded assembly
- Completed reload, in  0.658 seconds
Platform modules already initialized, skipping
Refreshing native plugins compatible for Editor in 0.22 ms, found 0 plugins.
Preloading 0 native plugins for Editor in 0.00 ms.
Unloading 1252 Unused Serialized files (Serialized files now loaded: 0)
System memory in use before: 78.3 MB.
System memory in use after: 78.4 MB.

Unloading 6 unused Assets to reduce memory usage. Loaded Objects now: 1757.
Total: 1.736100 ms (FindLiveObjects: 0.217100 ms CreateObjectMapping: 0.032700 ms MarkObjects: 1.430600 ms  DeleteObjects: 0.054000 ms)

========================================================================
Received Prepare
Registering precompiled user dll's ...
Registered in 0.000625 seconds.
Begin MonoManager ReloadAssembly
Native extension for WindowsStandalone target not found
Refreshing native plugins compatible for Editor in 0.24 ms, found 0 plugins.
Preloading 0 native plugins for Editor in 0.00 ms.
Invoked RoslynAnalysisRunner static constructor.
RoslynAnalysisRunner will not be running.
RoslynAnalysisRunner has terminated.
Mono: successfully reloaded assembly
- Completed reload, in  0.640 seconds
Platform modules already initialized, skipping
Refreshing native plugins compatible for Editor in 0.22 ms, found 0 plugins.
Preloading 0 native plugins for Editor in 0.00 ms.
Unloading 1252 Unused Serialized files (Serialized files now loaded: 0)
System memory in use before: 78.4 MB.
System memory in use after: 78.4 MB.

Unloading 6 unused Assets to reduce memory usage. Loaded Objects now: 1760.
Total: 1.623500 ms (FindLiveObjects: 0.239600 ms CreateObjectMapping: 0.038900 ms MarkObjects: 1.295800 ms  DeleteObjects: 0.048100 ms)

========================================================================
Received Prepare
Registering precompiled user dll's ...
Registered in 0.000516 seconds.
Begin MonoManager ReloadAssembly
Native extension for WindowsStandalone target not found
Refreshing native plugins compatible for Editor in 0.22 ms, found 0 plugins.
Preloading 0 native plugins for Editor in 0.00 ms.
Invoked RoslynAnalysisRunner static constructor.
RoslynAnalysisRunner will not be running.
RoslynAnalysisRunner has terminated.
Mono: successfully reloaded assembly
- Completed reload, in  0.633 seconds
Platform modules already initialized, skipping
Refreshing native plugins compatible for Editor in 0.22 ms, found 0 plugins.
Preloading 0 native plugins for Editor in 0.00 ms.
Unloading 1252 Unused Serialized files (Serialized files now loaded: 0)
System memory in use before: 78.9 MB.
System memory in use after: 79.0 MB.

Unloading 6 unused Assets to reduce memory usage. Loaded Objects now: 1763.
Total: 1.575200 ms (FindLiveObjects: 0.173100 ms CreateObjectMapping: 0.028100 ms MarkObjects: 1.301000 ms  DeleteObjects: 0.071100 ms)

========================================================================
Received Prepare
Registering precompiled user dll's ...
Registered in 0.000805 seconds.
Begin MonoManager ReloadAssembly
Native extension for WindowsStandalone target not found
Refreshing native plugins compatible for Editor in 0.22 ms, found 0 plugins.
Preloading 0 native plugins for Editor in 0.00 ms.
Invoked RoslynAnalysisRunner static constructor.
RoslynAnalysisRunner will not be running.
RoslynAnalysisRunner has terminated.
Mono: successfully reloaded assembly
- Completed reload, in  0.653 seconds
Platform modules already initialized, skipping
Refreshing native plugins compatible for Editor in 0.23 ms, found 0 plugins.
Preloading 0 native plugins for Editor in 0.00 ms.
Unloading 1252 Unused Serialized files (Serialized files now loaded: 0)
System memory in use before: 79.2 MB.
System memory in use after: 79.3 MB.

Unloading 6 unused Assets to reduce memory usage. Loaded Objects now: 1766.
Total: 1.493700 ms (FindLiveObjects: 0.213400 ms CreateObjectMapping: 0.036600 ms MarkObjects: 1.202300 ms  DeleteObjects: 0.040200 ms)

========================================================================
Received Prepare
Registering precompiled user dll's ...
Registered in 0.000646 seconds.
Begin MonoManager ReloadAssembly
Native extension for WindowsStandalone target not found
Refreshing native plugins compatible for Editor in 0.22 ms, found 0 plugins.
Preloading 0 native plugins for Editor in 0.00 ms.
Invoked RoslynAnalysisRunner static constructor.
RoslynAnalysisRunner will not be running.
RoslynAnalysisRunner has terminated.
Mono: successfully reloaded assembly
- Completed reload, in  0.649 seconds
Platform modules already initialized, skipping
Refreshing native plugins compatible for Editor in 0.25 ms, found 0 plugins.
Preloading 0 native plugins for Editor in 0.00 ms.
Unloading 1252 Unused Serialized files (Serialized files now loaded: 0)
System memory in use before: 79.4 MB.
System memory in use after: 79.5 MB.

Unloading 6 unused Assets to reduce memory usage. Loaded Objects now: 1769.
Total: 1.440800 ms (FindLiveObjects: 0.178200 ms CreateObjectMapping: 0.028700 ms MarkObjects: 1.189800 ms  DeleteObjects: 0.043300 ms)

AssetImportWorkerClient::OnTransportError - code=2 error=End of file
